<?xml version="1.0" encoding="UTF-8"?>
<!-- Generated by org.testng.reporters.JUnitReportReporter -->
<testsuite skipped="0" hostname="DESKTOP-Q4NAHNC" name="api_testClasses.REQRES.AddUser" tests="1" failures="0" timestamp="2021-02-12T20:37:48 IST" time="9.283" errors="0">
  <testcase name="addNewUser" time="9.283" classname="api_testClasses.REQRES.AddUser"/>
  <system-out/>
</testsuite> <!-- api_testClasses.REQRES.AddUser -->
